diff --git a/work_queue/src/work_queue.c b/work_queue/src/work_queue.c
index ba3a9d098..d05b6ec49 100644
--- a/work_queue/src/work_queue.c
+++ b/work_queue/src/work_queue.c
@@ -3129,7 +3129,7 @@ static work_queue_msg_code_t process_resource( struct work_queue *q, struct work
 	char resource_name[WORK_QUEUE_LINE_MAX];
 	struct work_queue_resource r;
 
-	int n = sscanf(line, "resource %s %"PRId64" %"PRId64" %"PRId64, resource_name, &r.total, &r.smallest, &r.largest);
+	int n = sscanf(line, "resource %s %lf %lf %lf", resource_name, &r.total, &r.smallest, &r.largest);
 
 	if(n == 2 && !strcmp(resource_name,"tag"))
 	{
diff --git a/work_queue/src/work_queue_coprocess.c b/work_queue/src/work_queue_coprocess.c
index 5c6d00c76..8ae588c27 100644
--- a/work_queue/src/work_queue_coprocess.c
+++ b/work_queue/src/work_queue_coprocess.c
@@ -263,7 +263,7 @@ void work_queue_coprocess_measure_resources(struct work_queue_coprocess *coproce
 
 		debug(D_WQ, "Measuring resources of coprocess with pid %d\n", curr_coprocess->pid);
 		debug(D_WQ, "cores: %lf, memory: %lf, disk: %lf, gpus: %lf\n", resources->cores, resources->memory + resources->swap_memory, resources->disk, resources->gpus);
-		debug(D_WQ, "Max resources available to coprocess:\ncores: %"PRId64 " memory: %"PRId64 " disk: %"PRId64 " gpus: %"PRId64 "\n", curr_coprocess->coprocess_resources->cores.total, curr_coprocess->coprocess_resources->memory.total, curr_coprocess->coprocess_resources->disk.total, curr_coprocess->coprocess_resources->gpus.total);
+		debug(D_WQ, "Max resources available to coprocess:\ncores: %lf memory: %lf disk: %lf gpus: %lf\n", curr_coprocess->coprocess_resources->cores.total, curr_coprocess->coprocess_resources->memory.total, curr_coprocess->coprocess_resources->disk.total, curr_coprocess->coprocess_resources->gpus.total);
 		curr_coprocess->coprocess_resources->cores.inuse = resources->cores;
 		curr_coprocess->coprocess_resources->memory.inuse = resources->memory + resources->swap_memory;
 		curr_coprocess->coprocess_resources->disk.inuse = resources->disk;
diff --git a/work_queue/src/work_queue_resources.c b/work_queue/src/work_queue_resources.c
index d9b76f26a..1f6c5ec6b 100644
--- a/work_queue/src/work_queue_resources.c
+++ b/work_queue/src/work_queue_resources.c
@@ -66,14 +66,14 @@ void work_queue_resources_measure_locally( struct work_queue_resources *r, const
 
 static void work_queue_resource_debug( struct work_queue_resource *r, const char *name )
 {
-	debug(D_WQ,"%8s %6"PRId64" inuse %6"PRId64" total %6"PRId64" smallest %6"PRId64" largest",name, r->inuse, r->total, r->smallest, r->largest);
+	debug(D_WQ,"%8s %lf inuse %lf total %lf smallest %lf largest",name, r->inuse, r->total, r->smallest, r->largest);
 }
 
 
 static void work_queue_resource_send( struct link *manager, struct work_queue_resource *r, const char *name, time_t stoptime )
 {
 	work_queue_resource_debug(r, name);
-	link_printf(manager, stoptime, "resource %s %"PRId64" %"PRId64" %"PRId64"\n", name, r->total, r->smallest, r->largest );
+	link_printf(manager, stoptime, "resource %s %lf %lf %lf\n", name, r->total, r->smallest, r->largest );
 }
 
 void work_queue_resources_send( struct link *manager, struct work_queue_resources *r, time_t stoptime )
diff --git a/work_queue/src/work_queue_resources.h b/work_queue/src/work_queue_resources.h
index c2d18c6e1..b64e379d0 100644
--- a/work_queue/src/work_queue_resources.h
+++ b/work_queue/src/work_queue_resources.h
@@ -11,10 +11,10 @@ See the file COPYING for details.
 #include "jx.h"
 
 struct work_queue_resource {
-	int64_t inuse;
-	int64_t total;
-	int64_t smallest;
-	int64_t largest;
+	double inuse;
+	double total;
+	double smallest;
+	double largest;
 };
 
 struct work_queue_resources {
diff --git a/work_queue/src/work_queue_worker.c b/work_queue/src/work_queue_worker.c
index bf2be83ac..dd0661960 100644
--- a/work_queue/src/work_queue_worker.c
+++ b/work_queue/src/work_queue_worker.c
@@ -1621,20 +1621,20 @@ If 0, the worker is using more resources than promised. 1 if resource usage hold
 static int enforce_worker_limits(struct link *manager)
 {
 	if( manual_disk_option > 0 && local_resources->disk.inuse > manual_disk_option ) {
-		fprintf(stderr,"work_queue_worker: %s used more than declared disk space (--disk - < disk used) %"PRIu64" < %"PRIu64" MB\n", workspace, manual_disk_option, local_resources->disk.inuse);
+		fprintf(stderr,"work_queue_worker: %s used more than declared disk space (--disk - < disk used) %"PRIu64" < %lf MB\n", workspace, manual_disk_option, local_resources->disk.inuse);
 
 		if(manager) {
-			send_manager_message(manager, "info disk_exhausted %lld\n", (long long) local_resources->disk.inuse);
+			send_manager_message(manager, "info disk_exhausted %lf\n", local_resources->disk.inuse);
 		}
 
 		return 0;
 	}
 
 	if(manual_memory_option > 0 && local_resources->memory.inuse > manual_memory_option) {
-		fprintf(stderr,"work_queue_worker: used more than declared memory (--memory < memory used) %"PRIu64" < %"PRIu64" MB\n", manual_memory_option, local_resources->memory.inuse);
+		fprintf(stderr,"work_queue_worker: used more than declared memory (--memory < memory used) %"PRIu64" < %lf MB\n", manual_memory_option, local_resources->memory.inuse);
 
 		if(manager) {
-			send_manager_message(manager, "info memory_exhausted %lld\n", (long long) local_resources->memory.inuse);
+			send_manager_message(manager, "info memory_exhausted %lf\n", local_resources->memory.inuse);
 		}
 
 		return 0;
@@ -1658,10 +1658,10 @@ static int enforce_worker_promises(struct link *manager)
 	}
 
 	if( manual_disk_option > 0 && local_resources->disk.total < manual_disk_option) {
-		fprintf(stderr,"work_queue_worker: has less than the promised disk space (--disk > disk total) %"PRIu64" < %"PRIu64" MB\n", manual_disk_option, local_resources->disk.total);
+		fprintf(stderr,"work_queue_worker: has less than the promised disk space (--disk > disk total) %"PRIu64" < %lf MB\n", manual_disk_option, local_resources->disk.total);
 
 		if(manager) {
-			send_manager_message(manager, "info disk_error %lld\n", (long long) local_resources->disk.total);
+			send_manager_message(manager, "info disk_error %lf\n", local_resources->disk.total);
 		}
 
 		return 0;
@@ -2898,7 +2898,7 @@ int main(int argc, char *argv[])
 	connect_stoptime = time(0) + connect_timeout;
 
 	measure_worker_resources();
-	printf("work_queue_worker: using %"PRId64 " cores, %"PRId64 " MB memory, %"PRId64 " MB disk, %"PRId64 " gpus\n",
+	printf("work_queue_worker: using %lf cores, %lf MB memory, %lf MB disk, %lf gpus\n",
 		total_resources->cores.total,
 		total_resources->memory.total,
 		total_resources->disk.total,
