#
# A fatal error has been detected by the Java Runtime Environment:
#
#  SIGSEGV (0xb) at pc=0x0000000000000000, pid=3837, tid=140301105698560
#
# JRE version:  (7.0_65-b32) (build )
# Java VM: OpenJDK 64-Bit Server VM (24.65-b04 mixed mode linux-amd64 compressed oops)
# Derivative: IcedTea 2.5.2
# Distribution: Custom build (Mon Sep 15 19:52:20 UTC 2014)
# Problematic frame:
# C  0x0000000000000000
#
# Failed to write core dump. Core dumps have been disabled. To enable core dumping, try "ulimit -c unlimited" before starting Java again
#
# If you would like to submit a bug report, please include
# instructions on how to reproduce the bug and visit:
#   http://icedtea.classpath.org/bugzilla
#

---------------  T H R E A D  ---------------

Current thread (0x00007f9a5c009800):  JavaThread "main" [_thread_in_vm, id=3838, stack(0x00007f9a65811000,0x00007f9a65912000)]

siginfo:si_signo=SIGSEGV: si_errno=0, si_code=1 (SEGV_MAPERR), si_addr=0x0000000000000000

Registers:
RAX=0x000000077d6e62f0, RBX=0x00007f9a5c008ad0, RCX=0x0000000000000004, RDX=0x00007f9a5c009800
RSP=0x00007f9a65910178, RBP=0x00007f9a65910200, RSI=0x000000077d6b8ff0, RDI=0x000000077d6e6348
R8 =0x00007f9a64b09a40, R9 =0x0000000000000002, R10=0x0000000000000013, R11=0x0000000000000010
R12=0x00007f9a5c009800, R13=0x000000077d6e6370, R14=0x000000077d6e6348, R15=0x000000077d6b8ff0
RIP=0x0000000000000000, EFLAGS=0x0000000000010293, CSGSFS=0x0000000000000033, ERR=0x0000000000000014
  TRAPNO=0x000000000000000e

Top of Stack: (sp=0x00007f9a65910178)
0x00007f9a65910178:   00007f9a643d5a97 00007f9a659101d0
0x00007f9a65910188:   00007f9a643d4c3d 00007f9a5c008958
0x00007f9a65910198:   6e9bba7bca115100 00007f9a5c00a3a0
0x00007f9a659101a8:   00007f9a5c009800 0000000000000005
0x00007f9a659101b8:   00007f9a5c008570 00007f9a64b09a40
0x00007f9a659101c8:   00007f9a00000002 00007f9a659101f0
0x00007f9a659101d8:   00007f9a5c008ad0 00007f9a5c008570
0x00007f9a659101e8:   00007f9a5c00a458 00007f9a5c008958
0x00007f9a659101f8:   00007f9a5c009800 00007f9a65910250
0x00007f9a65910208:   00007f9a63fa7e1b 00000000000003d8
0x00007f9a65910218:   00007f9a5c008580 0000000000000019
0x00007f9a65910228:   00007f9a5c00a408 00007f9a5c00a458
0x00007f9a65910238:   000000077d6e6338 00007f9a5c009800
0x00007f9a65910248:   000000077d6e5b58 00007f9a659103d0
0x00007f9a65910258:   00007f9a644cd805 00007f9a659102c0
0x00007f9a65910268:   00000000000003d8 00007f9a5c008958
0x00007f9a65910278:   00007f9a5c008580 00007f9a00000002
0x00007f9a65910288:   00007f9a5c008580 00007f9a5c008570
0x00007f9a65910298:   00007f9a00000001 00007f9a5c00a410
0x00007f9a659102a8:   00007f9a5c00a430 00007f9a64ad47d0
0x00007f9a659102b8:   00007f9a644dfca2 00007f9a5c009800
0x00007f9a659102c8:   00007f9a5c076740 000000077d6aa098
0x00007f9a659102d8:   0000000000000000 00007f9a65910808
0x00007f9a659102e8:   0000000000000000 00007f9a65910850
0x00007f9a659102f8:   00007f9a65910370 00007f9a65910360
0x00007f9a65910308:   6e9bba7bca115100 00007f9a5c00a508
0x00007f9a65910318:   000000077d6b8ff0 0000000000000001
0x00007f9a65910328:   00007f9a5c008b40 0000000000000001
0x00007f9a65910338:   00007f9a5c007ee0 00007f9a65910380
0x00007f9a65910348:   00007f9a644caa73 00007f9a5c00a500
0x00007f9a65910358:   000000077d6aa8c0 00007f9a65910390
0x00007f9a65910368:   000000077d6b8ff0 0000000000000001 

Instructions: (pc=0x0000000000000000)
0xffffffffffffffe0:   

Register to memory mapping:

RAX=0x000000077d6e62f0 is an oop
{constMethod} 
 - klass: {other class}
 - constants:       0x000000077d6e4338 constant pool [255] for 'sun/misc/VM'
RBX=0x00007f9a5c008ad0 is an unknown value
RCX=0x0000000000000004 is an unknown value
RDX=0x00007f9a5c009800 is a thread
RSP=0x00007f9a65910178 is pointing into the stack for thread: 0x00007f9a5c009800
RBP=0x00007f9a65910200 is pointing into the stack for thread: 0x00007f9a5c009800
RSI=0x000000077d6b8ff0 is an oop
{object array class} 
 - klass: {other class}
RDI=0x000000077d6e6348 is pointing into object: 0x000000077d6e6338
{method} 
 - klass: {other class}
R8 =0x00007f9a64b09a40: <offset 0xe16a40> in /usr/lib/jvm/java-7-openjdk/jre/lib/amd64/server/libjvm.so at 0x00007f9a63cf3000
R9 =0x0000000000000002 is an unknown value
R10=0x0000000000000013 is an unknown value
R11=0x0000000000000010 is an unknown value
R12=0x00007f9a5c009800 is a thread
R13=0x000000077d6e6370 is pointing into object: 0x000000077d6e6338
{method} 
 - klass: {other class}
R14=0x000000077d6e6348 is pointing into object: 0x000000077d6e6338
{method} 
 - klass: {other class}
R15=0x000000077d6b8ff0 is an oop
{object array class} 
 - klass: {other class}


Stack: [0x00007f9a65811000,0x00007f9a65912000],  sp=0x00007f9a65910178,  free space=1020k
Java frames: (J=compiled Java code, j=interpreted, Vv=VM code)
j  java.util.Hashtable.<init>(IF)V+108
j  java.util.Hashtable.<init>()V+5
j  java.util.Properties.<init>(Ljava/util/Properties;)V+1
j  java.util.Properties.<init>()V+2
j  java.lang.System.initializeSystemClass()V+4
v  ~StubRoutines::call_stub

---------------  P R O C E S S  ---------------

Java Threads: ( => current thread )
  0x00007f9a5c07b800 JavaThread "Finalizer" daemon [_thread_blocked, id=3845, stack(0x00007f9a605bb000,0x00007f9a606bc000)]
  0x00007f9a5c079800 JavaThread "Reference Handler" daemon [_thread_blocked, id=3844, stack(0x00007f9a606bc000,0x00007f9a607bd000)]
=>0x00007f9a5c009800 JavaThread "main" [_thread_in_vm, id=3838, stack(0x00007f9a65811000,0x00007f9a65912000)]

Other Threads:
  0x00007f9a5c075000 VMThread [stack: 0x00007f9a607bd000,0x00007f9a608be000] [id=3843]

VM state:not at safepoint (normal execution)

VM Mutex/Monitor currently owned by a thread:  ([mutex/lock_event])
[0x00007f9a5c007ce0] MultiArray_lock - owner thread: 0x00007f9a5c009800
[0x00007f9a5c007ee0] Compile_lock - owner thread: 0x00007f9a5c009800

Heap
 PSYoungGen      total 36352K, used 1249K [0x00000007d7e80000, 0x00000007da700000, 0x0000000800000000)
  eden space 31232K, 4% used [0x00000007d7e80000,0x00000007d7fb8638,0x00000007d9d00000)
  from space 5120K, 0% used [0x00000007da200000,0x00000007da200000,0x00000007da700000)
  to   space 5120K, 0% used [0x00000007d9d00000,0x00000007d9d00000,0x00000007da200000)
 ParOldGen       total 81920K, used 0K [0x0000000787c00000, 0x000000078cc00000, 0x00000007d7e80000)
  object space 81920K, 0% used [0x0000000787c00000,0x0000000787c00000,0x000000078cc00000)
 PSPermGen       total 21504K, used 927K [0x000000077d600000, 0x000000077eb00000, 0x0000000787c00000)
  object space 21504K, 4% used [0x000000077d600000,0x000000077d6e7e00,0x000000077eb00000)

Card table byte_map: [0x00007f9a6265b000,0x00007f9a62a71000] byte_map_base: 0x00007f9a5ea70000

Polling page: 0x00007f9a6592d000

Code Cache  [0x00007f9a59000000, 0x00007f9a59270000, 0x00007f9a5c000000)
 total_blobs=67 nmethods=0 adapters=44 free_code_cache=48822Kb largest_free_block=49993472

Compilation events (0 events):
No events

GC Heap History (0 events):
No events

Deoptimization events (0 events):
No events

Internal exceptions (0 events):
No events

Events (10 events):
Event: 0.040 loading class 0x00007f9a61aefc70
Event: 0.040 loading class 0x00007f9a61aefc70 done
Event: 0.040 loading class 0x00007f9a61ad5c70
Event: 0.040 loading class 0x00007f9a61ad5c70 done
Event: 0.041 Thread 0x00007f9a5c07b800 Thread added: 0x00007f9a5c07b800
Event: 0.041 loading class 0x00007f9a61ad9150
Event: 0.041 loading class 0x00007f9a61ad1450
Event: 0.041 loading class 0x00007f9a61acd150
Event: 0.041 loading class 0x00007f9a61acd150 done
Event: 0.041 loading class 0x00007f9a61ad9150 done


Dynamic libraries:
00400000-00401000 r-xp 00000000 08:05 524842                             /usr/lib/jvm/java-7-openjdk/jre/bin/java
00600000-00601000 rw-p 00000000 08:05 524842                             /usr/lib/jvm/java-7-openjdk/jre/bin/java
01203000-01224000 rw-p 00000000 00:00 0                                  [heap]
77d600000-77eb00000 rw-p 00000000 00:00 0 
77eb00000-787c00000 rw-p 00000000 00:00 0 
787c00000-78cc00000 rw-p 00000000 00:00 0 
78cc00000-7d7e80000 rw-p 00000000 00:00 0 
7d7e80000-7da700000 rw-p 00000000 00:00 0 
7da700000-800000000 rw-p 00000000 00:00 0 
7f9a30000000-7f9a30021000 rw-p 00000000 00:00 0 
7f9a30021000-7f9a34000000 ---p 00000000 00:00 0 
7f9a38000000-7f9a38021000 rw-p 00000000 00:00 0 
7f9a38021000-7f9a3c000000 ---p 00000000 00:00 0 
7f9a3feb0000-7f9a44000000 rw-p 00000000 00:00 0 
7f9a44000000-7f9a44021000 rw-p 00000000 00:00 0 
7f9a44021000-7f9a48000000 ---p 00000000 00:00 0 
7f9a48000000-7f9a48021000 rw-p 00000000 00:00 0 
7f9a48021000-7f9a4c000000 ---p 00000000 00:00 0 
7f9a4c000000-7f9a4c021000 rw-p 00000000 00:00 0 
7f9a4c021000-7f9a50000000 ---p 00000000 00:00 0 
7f9a50000000-7f9a50021000 rw-p 00000000 00:00 0 
7f9a50021000-7f9a54000000 ---p 00000000 00:00 0 
7f9a54000000-7f9a54021000 rw-p 00000000 00:00 0 
7f9a54021000-7f9a58000000 ---p 00000000 00:00 0 
7f9a59000000-7f9a59270000 rwxp 00000000 00:00 0 
7f9a59270000-7f9a5c087000 rw-p 00000000 00:00 0 
7f9a5c087000-7f9a60000000 ---p 00000000 00:00 0 
7f9a605bb000-7f9a605be000 ---p 00000000 00:00 0 
7f9a605be000-7f9a606bc000 rw-p 00000000 00:00 0                          [stack:3845]
7f9a606bc000-7f9a606bf000 ---p 00000000 00:00 0 
7f9a606bf000-7f9a607bd000 rw-p 00000000 00:00 0                          [stack:3844]
7f9a607bd000-7f9a607be000 ---p 00000000 00:00 0 
7f9a607be000-7f9a6189a000 rw-p 00000000 00:00 0                          [stack:3843]
7f9a6189a000-7f9a61a4b000 r--s 04eb3000 00:1d 29669                      /tmp/parrot.1000/pfs.tmp.lzWOJT (deleted)
7f9a61a4b000-7f9a61f82000 rw-p 00000000 00:00 0 
7f9a61f82000-7f9a61f83000 ---p 00000000 00:00 0 
7f9a61f83000-7f9a62083000 rw-p 00000000 00:00 0                          [stack:3842]
7f9a62083000-7f9a62084000 ---p 00000000 00:00 0 
7f9a62084000-7f9a62184000 rw-p 00000000 00:00 0                          [stack:3841]
7f9a62184000-7f9a62185000 ---p 00000000 00:00 0 
7f9a62185000-7f9a62285000 rw-p 00000000 00:00 0                          [stack:3840]
7f9a62285000-7f9a62286000 ---p 00000000 00:00 0 
7f9a62286000-7f9a62391000 rw-p 00000000 00:00 0                          [stack:3839]
7f9a62391000-7f9a623d9000 rw-p 00000000 00:00 0 
7f9a623d9000-7f9a62401000 rw-p 00000000 00:00 0 
7f9a62401000-7f9a6265b000 rw-p 00000000 00:00 0 
7f9a6265b000-7f9a62666000 rw-p 00000000 00:00 0 
7f9a62666000-7f9a626ae000 rw-p 00000000 00:00 0 
7f9a626ae000-7f9a626d6000 rw-p 00000000 00:00 0 
7f9a626d6000-7f9a6292f000 rw-p 00000000 00:00 0 
7f9a6292f000-7f9a62944000 rw-p 00000000 00:00 0 
7f9a62944000-7f9a62a70000 rw-p 00000000 00:00 0 
7f9a62a70000-7f9a62a71000 rw-p 00000000 00:00 0 
7f9a62a71000-7f9a62a79000 r-xp 024d6000 00:1d 29669                      /tmp/parrot.1000/pfs.tmp.lzWOJT (deleted)
7f9a62a79000-7f9a62c78000 ---p 024de000 00:1d 29669                      /tmp/parrot.1000/pfs.tmp.lzWOJT (deleted)
7f9a62c78000-7f9a62c79000 rw-p 024dd000 00:1d 29669                      /tmp/parrot.1000/pfs.tmp.lzWOJT (deleted)
7f9a62c79000-7f9a62c84000 r-xp 00445000 00:1d 29669                      /tmp/parrot.1000/pfs.tmp.lzWOJT (deleted)
7f9a62c84000-7f9a62e84000 ---p 00450000 00:1d 29669                      /tmp/parrot.1000/pfs.tmp.lzWOJT (deleted)
7f9a62e84000-7f9a62e85000 r--p 00450000 00:1d 29669                      /tmp/parrot.1000/pfs.tmp.lzWOJT (deleted)
7f9a62e85000-7f9a62e86000 rw-p 00451000 00:1d 29669                      /tmp/parrot.1000/pfs.tmp.lzWOJT (deleted)
7f9a62e86000-7f9a62eb2000 r-xp 024a0000 00:1d 29669                      /tmp/parrot.1000/pfs.tmp.lzWOJT (deleted)
7f9a62eb2000-7f9a630b1000 ---p 024cc000 00:1d 29669                      /tmp/parrot.1000/pfs.tmp.lzWOJT (deleted)
7f9a630b1000-7f9a630b3000 rw-p 024cb000 00:1d 29669                      /tmp/parrot.1000/pfs.tmp.lzWOJT (deleted)
7f9a630b3000-7f9a630c0000 r-xp 02491000 00:1d 29669                      /tmp/parrot.1000/pfs.tmp.lzWOJT (deleted)
7f9a630c0000-7f9a632bf000 ---p 0249e000 00:1d 29669                      /tmp/parrot.1000/pfs.tmp.lzWOJT (deleted)
7f9a632bf000-7f9a632c1000 rw-p 0249d000 00:1d 29669                      /tmp/parrot.1000/pfs.tmp.lzWOJT (deleted)
7f9a632c1000-7f9a632c8000 r-xp 01318000 00:1d 29669                      /tmp/parrot.1000/pfs.tmp.lzWOJT (deleted)
7f9a632c8000-7f9a634c7000 ---p 0131f000 00:1d 29669                      /tmp/parrot.1000/pfs.tmp.lzWOJT (deleted)
7f9a634c7000-7f9a634c8000 r--p 0131e000 00:1d 29669                      /tmp/parrot.1000/pfs.tmp.lzWOJT (deleted)
7f9a634c8000-7f9a634c9000 rw-p 0131f000 00:1d 29669                      /tmp/parrot.1000/pfs.tmp.lzWOJT (deleted)
7f9a634c9000-7f9a634df000 r-xp 0240b000 00:1d 29669                      /tmp/parrot.1000/pfs.tmp.lzWOJT (deleted)
7f9a634df000-7f9a636de000 ---p 02421000 00:1d 29669                      /tmp/parrot.1000/pfs.tmp.lzWOJT (deleted)
7f9a636de000-7f9a636df000 rw-p 02420000 00:1d 29669                      /tmp/parrot.1000/pfs.tmp.lzWOJT (deleted)
7f9a636df000-7f9a637e2000 r-xp 0069e000 00:1d 29669                      /tmp/parrot.1000/pfs.tmp.lzWOJT (deleted)
7f9a637e2000-7f9a639e2000 ---p 007a1000 00:1d 29669                      /tmp/parrot.1000/pfs.tmp.lzWOJT (deleted)
7f9a639e2000-7f9a639e3000 r--p 007a1000 00:1d 29669                      /tmp/parrot.1000/pfs.tmp.lzWOJT (deleted)
7f9a639e3000-7f9a639e4000 rw-p 007a2000 00:1d 29669                      /tmp/parrot.1000/pfs.tmp.lzWOJT (deleted)
7f9a639e4000-7f9a63ad4000 r-xp 0229f000 00:1d 29669                      /tmp/parrot.1000/pfs.tmp.lzWOJT (deleted)
7f9a63ad4000-7f9a63cd4000 ---p 0238f000 00:1d 29669                      /tmp/parrot.1000/pfs.tmp.lzWOJT (deleted)
7f9a63cd4000-7f9a63cdc000 r--p 0238f000 00:1d 29669                      /tmp/parrot.1000/pfs.tmp.lzWOJT (deleted)
7f9a63cdc000-7f9a63cde000 rw-p 02397000 00:1d 29669                      /tmp/parrot.1000/pfs.tmp.lzWOJT (deleted)
7f9a63cde000-7f9a63cf3000 rw-p 00000000 00:00 0 
7f9a63cf3000-7f9a6483b000 r-xp 01696000 00:1d 29669                      /tmp/parrot.1000/pfs.tmp.lzWOJT (deleted)
7f9a6483b000-7f9a64a3a000 ---p 021de000 00:1d 29669                      /tmp/parrot.1000/pfs.tmp.lzWOJT (deleted)
7f9a64a3a000-7f9a64afc000 rw-p 021dd000 00:1d 29669                      /tmp/parrot.1000/pfs.tmp.lzWOJT (deleted)
7f9a64afc000-7f9a64b28000 rw-p 00000000 00:00 0 
7f9a64b28000-7f9a64b3d000 r-xp 009bf000 00:1d 29669                      /tmp/parrot.1000/pfs.tmp.lzWOJT (deleted)
7f9a64b3d000-7f9a64d3c000 ---p 009d4000 00:1d 29669                      /tmp/parrot.1000/pfs.tmp.lzWOJT (deleted)
7f9a64d3c000-7f9a64d3d000 r--p 009d3000 00:1d 29669                      /tmp/parrot.1000/pfs.tmp.lzWOJT (deleted)
7f9a64d3d000-7f9a64d3e000 rw-p 009d4000 00:1d 29669                      /tmp/parrot.1000/pfs.tmp.lzWOJT (deleted)
7f9a64d3e000-7f9a64ed7000 r-xp 000d7000 00:1d 29669                      /tmp/parrot.1000/pfs.tmp.lzWOJT (deleted)
7f9a64ed7000-7f9a650d7000 ---p 00270000 00:1d 29669                      /tmp/parrot.1000/pfs.tmp.lzWOJT (deleted)
7f9a650d7000-7f9a650db000 r--p 00270000 00:1d 29669                      /tmp/parrot.1000/pfs.tmp.lzWOJT (deleted)
7f9a650db000-7f9a650dd000 rw-p 00274000 00:1d 29669                      /tmp/parrot.1000/pfs.tmp.lzWOJT (deleted)
7f9a650dd000-7f9a650e1000 rw-p 00000000 00:00 0 
7f9a650e1000-7f9a650e4000 r-xp 000d3000 00:1d 29669                      /tmp/parrot.1000/pfs.tmp.lzWOJT (deleted)
7f9a650e4000-7f9a652e3000 ---p 000d6000 00:1d 29669                      /tmp/parrot.1000/pfs.tmp.lzWOJT (deleted)
7f9a652e3000-7f9a652e4000 r--p 000d5000 00:1d 29669                      /tmp/parrot.1000/pfs.tmp.lzWOJT (deleted)
7f9a652e4000-7f9a652e5000 rw-p 000d6000 00:1d 29669                      /tmp/parrot.1000/pfs.tmp.lzWOJT (deleted)
7f9a652e5000-7f9a652f2000 r-xp 01688000 00:1d 29669                      /tmp/parrot.1000/pfs.tmp.lzWOJT (deleted)
7f9a652f2000-7f9a654f1000 ---p 01695000 00:1d 29669                      /tmp/parrot.1000/pfs.tmp.lzWOJT (deleted)
7f9a654f1000-7f9a654f2000 rw-p 01694000 00:1d 29669                      /tmp/parrot.1000/pfs.tmp.lzWOJT (deleted)
7f9a654f2000-7f9a65509000 r-xp 00614000 00:1d 29669                      /tmp/parrot.1000/pfs.tmp.lzWOJT (deleted)
7f9a65509000-7f9a65708000 ---p 0062b000 00:1d 29669                      /tmp/parrot.1000/pfs.tmp.lzWOJT (deleted)
7f9a65708000-7f9a65709000 r--p 0062a000 00:1d 29669                      /tmp/parrot.1000/pfs.tmp.lzWOJT (deleted)
7f9a65709000-7f9a6570a000 rw-p 0062b000 00:1d 29669                      /tmp/parrot.1000/pfs.tmp.lzWOJT (deleted)
7f9a6570a000-7f9a6570e000 rw-p 00000000 00:00 0 
7f9a6570e000-7f9a65730000 r-xp 00000000 08:05 2755794                    /usr/lib/ld-2.20.so
7f9a65730000-7f9a6575b000 rw-p 00000000 00:00 0 
7f9a6575b000-7f9a65811000 rw-p 00000000 00:00 0 
7f9a65811000-7f9a65814000 ---p 00000000 00:00 0 
7f9a65814000-7f9a65916000 rw-p 00000000 00:00 0                          [stack:3838]
7f9a65924000-7f9a6592c000 rw-s 0570b000 00:1d 29669                      /tmp/parrot.1000/pfs.tmp.lzWOJT (deleted)
7f9a6592c000-7f9a6592d000 rw-p 00000000 00:00 0 
7f9a6592d000-7f9a6592e000 r--p 00000000 00:00 0 
7f9a6592e000-7f9a6592f000 rw-p 00000000 00:00 0 
7f9a6592f000-7f9a65930000 r--p 00021000 08:05 2755794                    /usr/lib/ld-2.20.so
7f9a65930000-7f9a65931000 rw-p 00022000 08:05 2755794                    /usr/lib/ld-2.20.so
7f9a65931000-7f9a65932000 rw-p 00000000 00:00 0 
7fffee2ae000-7fffee2d0000 rw-p 00000000 00:00 0                          [stack]
7fffee383000-7fffee385000 r-xp 00000000 00:00 0                          [vdso]
7fffee385000-7fffee387000 r--p 00000000 00:00 0                          [vvar]
ffffffffff600000-ffffffffff601000 r-xp 00000000 00:00 0                  [vsyscall]

VM Arguments:
java_command: com.amazon.aes.webservices.client.cmd.RunInstances ami-15166c25 -t t1.micro -k my-key-pair -g sg-24f96141 --associate-public-ip-address true
Launcher Type: SUN_STANDARD

Environment Variables:
JAVA_HOME=/usr/lib/jvm/default
CLASSPATH=.
PATH=~hmeng/cctools/bin:~/bin:~hmeng/cctools/bin:~/bin:/usr/local/sbin:/usr/local/bin:/usr/bin:/usr/bin/site_perl:/usr/bin/vendor_perl:/usr/bin/core_perl:/usr/local/ec2/ec2-api-tools-1.7.1.1/bin:/usr/local/ec2/ec2-api-tools-1.7.1.1/bin
SHELL=/bin/bash
DISPLAY=:0.0

Signal Handlers:
SIGSEGV: [libjvm.so+0x97c220], sa_mask[0]=0x7ffbfeff, sa_flags=0x10000004
SIGBUS: [libjvm.so+0x97c220], sa_mask[0]=0x7ffbfeff, sa_flags=0x10000004
SIGFPE: [libjvm.so+0x7eab60], sa_mask[0]=0x7ffbfeff, sa_flags=0x10000004
SIGPIPE: [libjvm.so+0x7eab60], sa_mask[0]=0x7ffbfeff, sa_flags=0x10000004
SIGXFSZ: [libjvm.so+0x7eab60], sa_mask[0]=0x7ffbfeff, sa_flags=0x10000004
SIGILL: [libjvm.so+0x7eab60], sa_mask[0]=0x7ffbfeff, sa_flags=0x10000004
SIGUSR1: SIG_DFL, sa_mask[0]=0x00000000, sa_flags=0x00000000
SIGUSR2: [libjvm.so+0x7ea9e0], sa_mask[0]=0x00000000, sa_flags=0x10000004
SIGHUP: SIG_DFL, sa_mask[0]=0x00000000, sa_flags=0x00000000
SIGINT: SIG_DFL, sa_mask[0]=0x00000000, sa_flags=0x00000000
SIGTERM: SIG_DFL, sa_mask[0]=0x00000000, sa_flags=0x00000000
SIGQUIT: SIG_DFL, sa_mask[0]=0x00000000, sa_flags=0x00000000
SIGTRAP: SIG_DFL, sa_mask[0]=0x00000000, sa_flags=0x00000000


---------------  S Y S T E M  ---------------

OS:Linux
uname:Linux 3.16.4-1-ARCH #1 SMP PREEMPT Mon Oct 6 08:22:27 CEST 2014 x86_64
libc:glibc 2.20 NPTL 2.20 
rlimit: STACK 8192k, CORE 0k, NPROC 30741, NOFILE 4096, AS infinity
load average:0.51 0.30 0.28

/proc/meminfo:
MemTotal:        7875540 kB
MemFree:         6094944 kB
MemAvailable:    6470108 kB
Buffers:           64812 kB
Cached:           743796 kB
SwapCached:            0 kB
Active:          1037916 kB
Inactive:         540124 kB
Active(anon):     791380 kB
Inactive(anon):   259920 kB
Active(file):     246536 kB
Inactive(file):   280204 kB
Unevictable:       15324 kB
Mlocked:           15324 kB
SwapTotal:             0 kB
SwapFree:              0 kB
Dirty:                 0 kB
Writeback:             0 kB
AnonPages:        784988 kB
Mapped:           372488 kB
Shmem:            276000 kB
Slab:              59956 kB
SReclaimable:      34736 kB
SUnreclaim:        25220 kB
KernelStack:        4368 kB
PageTables:        16560 kB
NFS_Unstable:          0 kB
Bounce:                0 kB
WritebackTmp:          0 kB
CommitLimit:     3937768 kB
Committed_AS:    2819964 kB
VmallocTotal:   34359738367 kB
VmallocUsed:      384752 kB
VmallocChunk:   34359295560 kB
HardwareCorrupted:     0 kB
AnonHugePages:    212992 kB
HugePages_Total:       0
HugePages_Free:        0
HugePages_Rsvd:        0
HugePages_Surp:        0
Hugepagesize:       2048 kB
DirectMap4k:       61484 kB
DirectMap2M:     8017920 kB


CPU:total 0 (2 cores per cpu, 2 threads per core) family 6 model 58 stepping 9, cmov, cx8, fxsr, mmx, sse, sse2, sse3, ssse3, sse4.1, sse4.2, popcnt, avx, aes, erms, ht, tsc, tscinvbit, tscinv

/proc/cpuinfo:
processor	: 0
vendor_id	: GenuineIntel
cpu family	: 6
model		: 58
model name	: Intel(R) Core(TM) i5-3320M CPU @ 2.60GHz
stepping	: 9
microcode	: 0x19
cpu MHz		: 3099.078
cache size	: 3072 KB
physical id	: 0
siblings	: 4
core id		: 0
cpu cores	: 2
apicid		: 0
initial apicid	: 0
fpu		: yes
fpu_exception	: yes
cpuid level	: 13
wp		: yes
flags		: fpu vme de pse tsc msr pae mce cx8 apic sep mtrr pge mca cmov pat pse36 clflush dts acpi mmx fxsr sse sse2 ss ht tm pbe syscall nx rdtscp lm constant_tsc arch_perfmon pebs bts rep_good nopl xtopology nonstop_tsc aperfmperf eagerfpu pni pclmulqdq dtes64 monitor ds_cpl vmx smx est tm2 ssse3 cx16 xtpr pdcm pcid sse4_1 sse4_2 x2apic popcnt tsc_deadline_timer aes xsave avx f16c rdrand lahf_lm ida arat epb xsaveopt pln pts dtherm tpr_shadow vnmi flexpriority ept vpid fsgsbase smep erms
bogomips	: 5189.99
clflush size	: 64
cache_alignment	: 64
address sizes	: 36 bits physical, 48 bits virtual
power management:

processor	: 1
vendor_id	: GenuineIntel
cpu family	: 6
model		: 58
model name	: Intel(R) Core(TM) i5-3320M CPU @ 2.60GHz
stepping	: 9
microcode	: 0x19
cpu MHz		: 3099.992
cache size	: 3072 KB
physical id	: 0
siblings	: 4
core id		: 0
cpu cores	: 2
apicid		: 1
initial apicid	: 1
fpu		: yes
fpu_exception	: yes
cpuid level	: 13
wp		: yes
flags		: fpu vme de pse tsc msr pae mce cx8 apic sep mtrr pge mca cmov pat pse36 clflush dts acpi mmx fxsr sse sse2 ss ht tm pbe syscall nx rdtscp lm constant_tsc arch_perfmon pebs bts rep_good nopl xtopology nonstop_tsc aperfmperf eagerfpu pni pclmulqdq dtes64 monitor ds_cpl vmx smx est tm2 ssse3 cx16 xtpr pdcm pcid sse4_1 sse4_2 x2apic popcnt tsc_deadline_timer aes xsave avx f16c rdrand lahf_lm ida arat epb xsaveopt pln pts dtherm tpr_shadow vnmi flexpriority ept vpid fsgsbase smep erms
bogomips	: 5189.99
clflush size	: 64
cache_alignment	: 64
address sizes	: 36 bits physical, 48 bits virtual
power management:

processor	: 2
vendor_id	: GenuineIntel
cpu family	: 6
model		: 58
model name	: Intel(R) Core(TM) i5-3320M CPU @ 2.60GHz
stepping	: 9
microcode	: 0x19
cpu MHz		: 3105.375
cache size	: 3072 KB
physical id	: 0
siblings	: 4
core id		: 1
cpu cores	: 2
apicid		: 2
initial apicid	: 2
fpu		: yes
fpu_exception	: yes
cpuid level	: 13
wp		: yes
flags		: fpu vme de pse tsc msr pae mce cx8 apic sep mtrr pge mca cmov pat pse36 clflush dts acpi mmx fxsr sse sse2 ss ht tm pbe syscall nx rdtscp lm constant_tsc arch_perfmon pebs bts rep_good nopl xtopology nonstop_tsc aperfmperf eagerfpu pni pclmulqdq dtes64 monitor ds_cpl vmx smx est tm2 ssse3 cx16 xtpr pdcm pcid sse4_1 sse4_2 x2apic popcnt tsc_deadline_timer aes xsave avx f16c rdrand lahf_lm ida arat epb xsaveopt pln pts dtherm tpr_shadow vnmi flexpriority ept vpid fsgsbase smep erms
bogomips	: 5189.99
clflush size	: 64
cache_alignment	: 64
address sizes	: 36 bits physical, 48 bits virtual
power management:

processor	: 3
vendor_id	: GenuineIntel
cpu family	: 6
model		: 58
model name	: Intel(R) Core(TM) i5-3320M CPU @ 2.60GHz
stepping	: 9
microcode	: 0x19
cpu MHz		: 3100.398
cache size	: 3072 KB
physical id	: 0
siblings	: 4
core id		: 1
cpu cores	: 2
apicid		: 3
initial apicid	: 3
fpu		: yes
fpu_exception	: yes
cpuid level	: 13
wp		: yes
flags		: fpu vme de pse tsc msr pae mce cx8 apic sep mtrr pge mca cmov pat pse36 clflush dts acpi mmx fxsr sse sse2 ss ht tm pbe syscall nx rdtscp lm constant_tsc arch_perfmon pebs bts rep_good nopl xtopology nonstop_tsc aperfmperf eagerfpu pni pclmulqdq dtes64 monitor ds_cpl vmx smx est tm2 ssse3 cx16 xtpr pdcm pcid sse4_1 sse4_2 x2apic popcnt tsc_deadline_timer aes xsave avx f16c rdrand lahf_lm ida arat epb xsaveopt pln pts dtherm tpr_shadow vnmi flexpriority ept vpid fsgsbase smep erms
bogomips	: 5189.99
clflush size	: 64
cache_alignment	: 64
address sizes	: 36 bits physical, 48 bits virtual
power management:



Memory: 4k page, physical 7875540k(6094944k free), swap 0k(0k free)

vm_info: OpenJDK 64-Bit Server VM (24.65-b04) for linux-amd64 JRE (1.7.0_65-b32), built on Sep 15 2014 19:56:21 by "nobody" with gcc 4.9.1

time: Wed Oct 15 14:44:38 2014
elapsed time: 0 seconds

