#
# A fatal error has been detected by the Java Runtime Environment:
#
#  SIGSEGV (0xb) at pc=0x00007ff2bf91de93, pid=3805, tid=140680393381632
#
# JRE version:  (7.0_65-b32) (build )
# Java VM: OpenJDK 64-Bit Server VM (24.65-b04 mixed mode linux-amd64 compressed oops)
# Derivative: IcedTea 2.5.2
# Distribution: Custom build (Mon Sep 15 19:52:20 UTC 2014)
# Problematic frame:
# V  [libjvm.so+0x402e93]
#
# Failed to write core dump. Core dumps have been disabled. To enable core dumping, try "ulimit -c unlimited" before starting Java again
#
# If you would like to submit a bug report, please include
# instructions on how to reproduce the bug and visit:
#   http://icedtea.classpath.org/bugzilla
#

---------------  T H R E A D  ---------------

Current thread (0x00007ff2b807b800):  JavaThread "Finalizer" daemon [_thread_in_vm, id=3813, stack(0x00007ff2b4cfd000,0x00007ff2b4dfe000)]

siginfo:si_signo=SIGSEGV: si_errno=0, si_code=1 (SEGV_MAPERR), si_addr=0x0000000000000018

Registers:
RAX=0x00007ff2c0311010, RBX=0x00007ff2b807b800, RCX=0x0000000000000003, RDX=0x0000000000000000
RSP=0x00007ff2b4dfb450, RBP=0x00007ff2b4dfb450, RSI=0x0000000000000001, RDI=0x000000077d6e59c8
R8 =0x0000000000000000, R9 =0x0000000000000000, R10=0x00000000000083b0, R11=0x00007ff2b4dfbc70
R12=0x00007ff2b8042260, R13=0x00007ff2b8043900, R14=0x00007ff2b8076bb0, R15=0x0000000000000005
RIP=0x00007ff2bf91de93, EFLAGS=0x0000000000010246, CSGSFS=0x95a6000000000033, ERR=0x0000000000000004
  TRAPNO=0x000000000000000e

Top of Stack: (sp=0x00007ff2b4dfb450)
0x00007ff2b4dfb450:   00007ff2b4dfb670 00007ff2bf919a8a
0x00007ff2b4dfb460:   00007ff2b4dfb5e0 00007ff2b4dfb620
0x00007ff2b4dfb470:   00007ff2b4dfb5de 00007ff2b4dfb5e0
0x00007ff2b4dfb480:   00007ff2b4dfb600 00007ff2b4dfb618
0x00007ff2b4dfb490:   0000000000000000 0000000000000000
0x00007ff2b4dfb4a0:   0000000000000000 0000000000000000
0x00007ff2b4dfb4b0:   0000000000000000 0000000000000000
0x00007ff2b4dfb4c0:   0000000000000000 0000000000000000
0x00007ff2b4dfb4d0:   0000000000000000 0000000000000000
0x00007ff2b4dfb4e0:   0000000000000000 0000000000000000
0x00007ff2b4dfb4f0:   00007ff2bd2ecf20 ffffffff01000100
0x00007ff2b4dfb500:   000000000000001c 00007ff2b8043b00
0x00007ff2b4dfb510:   0000000000000083 00007ff2b80433f6
0x00007ff2b4dfb520:   00007ff2b4df0002 00007ff2b8044520
0x00007ff2b4dfb530:   00007ff2b8044320 00007ff2b8043b20
0x00007ff2b4dfb540:   00007ff2b8043920 00007ff2bfd60000
0x00007ff2b4dfb550:   00007ff20000001c 00007ff200000004
0x00007ff2b4dfb560:   00007ff2bd318300 00000000000083b0
0x00007ff2b4dfb570:   00007ff2b8043900 00007ff2b8042260
0x00007ff2b4dfb580:   0000000000000082 00007ff2b4dfbc70
0x00007ff2b4dfb590:   00007ff2b4dfb770 00007ff2b4dfb760
0x00007ff2b4dfb5a0:   00007ff2b4dfb750 00007ff2b4dfb990
0x00007ff2b4dfb5b0:   00000000000083b0 000000077d6e59c8
0x00007ff2b4dfb5c0:   00007ff2b807c0d0 00007ff2b804a248
0x00007ff2b4dfb5d0:   00007ff2b4dfb620 00007ff2bfe5c312
0x00007ff2b4dfb5e0:   00007ff200000009 00007ff2b80438d0
0x00007ff2b4dfb5f0:   00007ff2b807c3d8 613e72b1a8bb1700
0x00007ff2b4dfb600:   0000000000000001 ffffffffffffffff
0x00007ff2b4dfb610:   00007ff2b807c3f8 00007ff2b8043900
0x00007ff2b4dfb620:   0000000000000000 000000000000001b
0x00007ff2b4dfb630:   00007ff2b4dfb690 613e72b1a8bb1700
0x00007ff2b4dfb640:   00000000000083b0 0000000000000068 

Instructions: (pc=0x00007ff2bf91de93)
0x00007ff2bf91de73:   a8 01 75 31 c1 f8 03 5d c3 0f 1f 40 00 48 8d 05
0x00007ff2bf91de83:   89 31 9f 00 8b 57 08 8b 48 08 48 d3 e2 48 03 10
0x00007ff2bf91de93:   8b 42 18 48 8d 4a 10 83 f8 00 7f d4 75 1f 0f 1f
0x00007ff2bf91dea3:   80 00 00 00 00 48 8b 42 10 48 89 fe 48 89 cf 5d 

Register to memory mapping:

RAX=0x00007ff2c0311010: <offset 0xdf6010> in /usr/lib/jvm/java-7-openjdk/jre/lib/amd64/server/libjvm.so at 0x00007ff2bf51b000
RBX=0x00007ff2b807b800 is a thread
RCX=0x0000000000000003 is an unknown value
RDX=0x0000000000000000 is an unknown value
RSP=0x00007ff2b4dfb450 is pointing into the stack for thread: 0x00007ff2b807b800
RBP=0x00007ff2b4dfb450 is pointing into the stack for thread: 0x00007ff2b807b800
RSI=0x0000000000000001 is an unknown value
RDI=
[error occurred during error reporting (printing register info), id 0xb]

Stack: [0x00007ff2b4cfd000,0x00007ff2b4dfe000],  sp=0x00007ff2b4dfb450,  free space=1017k
Native frames: (J=compiled Java code, j=interpreted, Vv=VM code, C=native code)
V  [libjvm.so+0x402e93]
V  [libjvm.so+0x3fea8a]
V  [libjvm.so+0x3ff876]
V  [libjvm.so+0x400bce]
V  [libjvm.so+0x407c40]
V  [libjvm.so+0x8f9902]
V  [libjvm.so+0x8f7ce1]
V  [libjvm.so+0x8fa24f]
V  [libjvm.so+0x47fe8e]
V  [libjvm.so+0x481183]
V  [libjvm.so+0x711403]
V  [libjvm.so+0x712f24]
V  [libjvm.so+0x5ed37d]
j  java.lang.ref.Finalizer$FinalizerThread.run()V+8
v  ~StubRoutines::call_stub
V  [libjvm.so+0x5f73b4]
V  [libjvm.so+0x5f60de]
V  [libjvm.so+0x6336ef]
V  [libjvm.so+0x929888]
V  [libjvm.so+0x929b11]
V  [libjvm.so+0x7ec2b2]

Java frames: (J=compiled Java code, j=interpreted, Vv=VM code)
j  java.lang.ref.Finalizer$FinalizerThread.run()V+8
v  ~StubRoutines::call_stub

---------------  P R O C E S S  ---------------

Java Threads: ( => current thread )
=>0x00007ff2b807b800 JavaThread "Finalizer" daemon [_thread_in_vm, id=3813, stack(0x00007ff2b4cfd000,0x00007ff2b4dfe000)]
  0x00007ff2b8079800 JavaThread "Reference Handler" daemon [_thread_blocked, id=3812, stack(0x00007ff2b4dfe000,0x00007ff2b4eff000)]
  0x00007ff2b8009800 JavaThread "main" [_thread_blocked, id=3806, stack(0x00007ff2c1039000,0x00007ff2c113a000)]

Other Threads:
  0x00007ff2b8075000 VMThread [stack: 0x00007ff2b4eff000,0x00007ff2b5000000] [id=3811]

VM state:not at safepoint (normal execution)

VM Mutex/Monitor currently owned by a thread: None

Heap
 PSYoungGen      total 36352K, used 624K [0x00000007d7e80000, 0x00000007da700000, 0x0000000800000000)
  eden space 31232K, 2% used [0x00000007d7e80000,0x00000007d7f1c2f8,0x00000007d9d00000)
  from space 5120K, 0% used [0x00000007da200000,0x00000007da200000,0x00000007da700000)
  to   space 5120K, 0% used [0x00000007d9d00000,0x00000007d9d00000,0x00000007da200000)
 ParOldGen       total 81920K, used 0K [0x0000000787c00000, 0x000000078cc00000, 0x00000007d7e80000)
  object space 81920K, 0% used [0x0000000787c00000,0x0000000787c00000,0x000000078cc00000)
 PSPermGen       total 21504K, used 942K [0x000000077d600000, 0x000000077eb00000, 0x0000000787c00000)
  object space 21504K, 4% used [0x000000077d600000,0x000000077d6eb970,0x000000077eb00000)

Card table byte_map: [0x00007ff2bde83000,0x00007ff2be299000] byte_map_base: 0x00007ff2ba298000

Polling page: 0x00007ff2c1155000

Code Cache  [0x00007ff2b5000000, 0x00007ff2b5270000, 0x00007ff2b8000000)
 total_blobs=73 nmethods=0 adapters=50 free_code_cache=48819Kb largest_free_block=49990464

Compilation events (0 events):
No events

GC Heap History (0 events):
No events

Deoptimization events (0 events):
No events

Internal exceptions (0 events):
No events

Events (10 events):
Event: 0.037 loading class 0x00007ff2bd317cd0
Event: 0.037 loading class 0x00007ff2bd317cd0 done
Event: 0.037 loading class 0x00007ff2bd317c70
Event: 0.037 loading class 0x00007ff2bd317c70 done
Event: 0.037 loading class 0x00007ff2bd2fdc70
Event: 0.037 loading class 0x00007ff2bd2fdc70 done
Event: 0.037 Thread 0x00007ff2b807b800 Thread added: 0x00007ff2b807b800
Event: 0.038 loading class 0x00007ff2bd2f9450
Event: 0.038 loading class 0x00007ff2bd301150
Event: 0.038 loading class 0x00007ff2bd2f5150


Dynamic libraries:
00400000-00401000 r-xp 00000000 08:05 524842                             /usr/lib/jvm/java-7-openjdk/jre/bin/java
00600000-00601000 rw-p 00000000 08:05 524842                             /usr/lib/jvm/java-7-openjdk/jre/bin/java
013d7000-013f8000 rw-p 00000000 00:00 0                                  [heap]
77d600000-77eb00000 rw-p 00000000 00:00 0 
77eb00000-787c00000 rw-p 00000000 00:00 0 
787c00000-78cc00000 rw-p 00000000 00:00 0 
78cc00000-7d7e80000 rw-p 00000000 00:00 0 
7d7e80000-7da700000 rw-p 00000000 00:00 0 
7da700000-800000000 rw-p 00000000 00:00 0 
7ff28c000000-7ff28c021000 rw-p 00000000 00:00 0 
7ff28c021000-7ff290000000 ---p 00000000 00:00 0 
7ff294000000-7ff294021000 rw-p 00000000 00:00 0 
7ff294021000-7ff298000000 ---p 00000000 00:00 0 
7ff29beb0000-7ff2a0000000 rw-p 00000000 00:00 0 
7ff2a0000000-7ff2a0021000 rw-p 00000000 00:00 0 
7ff2a0021000-7ff2a4000000 ---p 00000000 00:00 0 
7ff2a4000000-7ff2a4021000 rw-p 00000000 00:00 0 
7ff2a4021000-7ff2a8000000 ---p 00000000 00:00 0 
7ff2a8000000-7ff2a8021000 rw-p 00000000 00:00 0 
7ff2a8021000-7ff2ac000000 ---p 00000000 00:00 0 
7ff2ac000000-7ff2ac021000 rw-p 00000000 00:00 0 
7ff2ac021000-7ff2b0000000 ---p 00000000 00:00 0 
7ff2b0000000-7ff2b0021000 rw-p 00000000 00:00 0 
7ff2b0021000-7ff2b4000000 ---p 00000000 00:00 0 
7ff2b4cfd000-7ff2b4d00000 ---p 00000000 00:00 0 
7ff2b4d00000-7ff2b4dfe000 rw-p 00000000 00:00 0                          [stack:3813]
7ff2b4dfe000-7ff2b4e01000 ---p 00000000 00:00 0 
7ff2b4e01000-7ff2b4eff000 rw-p 00000000 00:00 0                          [stack:3812]
7ff2b4eff000-7ff2b4f00000 ---p 00000000 00:00 0 
7ff2b4f00000-7ff2b5000000 rw-p 00000000 00:00 0                          [stack:3811]
7ff2b5000000-7ff2b5270000 rwxp 00000000 00:00 0 
7ff2b5270000-7ff2b8088000 rw-p 00000000 00:00 0 
7ff2b8088000-7ff2bc000000 ---p 00000000 00:00 0 
7ff2bc0d6000-7ff2bd0c2000 rw-p 00000000 00:00 0 
7ff2bd0c2000-7ff2bd273000 r--s 04eb3000 00:1d 29669                      /tmp/parrot.1000/pfs.tmp.lzWOJT (deleted)
7ff2bd273000-7ff2bd7aa000 rw-p 00000000 00:00 0 
7ff2bd7aa000-7ff2bd7ab000 ---p 00000000 00:00 0 
7ff2bd7ab000-7ff2bd8ab000 rw-p 00000000 00:00 0                          [stack:3810]
7ff2bd8ab000-7ff2bd8ac000 ---p 00000000 00:00 0 
7ff2bd8ac000-7ff2bd9ac000 rw-p 00000000 00:00 0                          [stack:3809]
7ff2bd9ac000-7ff2bd9ad000 ---p 00000000 00:00 0 
7ff2bd9ad000-7ff2bdaad000 rw-p 00000000 00:00 0                          [stack:3808]
7ff2bdaad000-7ff2bdaae000 ---p 00000000 00:00 0 
7ff2bdaae000-7ff2bdbb9000 rw-p 00000000 00:00 0                          [stack:3807]
7ff2bdbb9000-7ff2bdc01000 rw-p 00000000 00:00 0 
7ff2bdc01000-7ff2bdc29000 rw-p 00000000 00:00 0 
7ff2bdc29000-7ff2bde83000 rw-p 00000000 00:00 0 
7ff2bde83000-7ff2bde8e000 rw-p 00000000 00:00 0 
7ff2bde8e000-7ff2bded6000 rw-p 00000000 00:00 0 
7ff2bded6000-7ff2bdefe000 rw-p 00000000 00:00 0 
7ff2bdefe000-7ff2be157000 rw-p 00000000 00:00 0 
7ff2be157000-7ff2be16c000 rw-p 00000000 00:00 0 
7ff2be16c000-7ff2be298000 rw-p 00000000 00:00 0 
7ff2be298000-7ff2be299000 rw-p 00000000 00:00 0 
7ff2be299000-7ff2be2a1000 r-xp 024d6000 00:1d 29669                      /tmp/parrot.1000/pfs.tmp.lzWOJT (deleted)
7ff2be2a1000-7ff2be4a0000 ---p 024de000 00:1d 29669                      /tmp/parrot.1000/pfs.tmp.lzWOJT (deleted)
7ff2be4a0000-7ff2be4a1000 rw-p 024dd000 00:1d 29669                      /tmp/parrot.1000/pfs.tmp.lzWOJT (deleted)
7ff2be4a1000-7ff2be4ac000 r-xp 00445000 00:1d 29669                      /tmp/parrot.1000/pfs.tmp.lzWOJT (deleted)
7ff2be4ac000-7ff2be6ac000 ---p 00450000 00:1d 29669                      /tmp/parrot.1000/pfs.tmp.lzWOJT (deleted)
7ff2be6ac000-7ff2be6ad000 r--p 00450000 00:1d 29669                      /tmp/parrot.1000/pfs.tmp.lzWOJT (deleted)
7ff2be6ad000-7ff2be6ae000 rw-p 00451000 00:1d 29669                      /tmp/parrot.1000/pfs.tmp.lzWOJT (deleted)
7ff2be6ae000-7ff2be6da000 r-xp 024a0000 00:1d 29669                      /tmp/parrot.1000/pfs.tmp.lzWOJT (deleted)
7ff2be6da000-7ff2be8d9000 ---p 024cc000 00:1d 29669                      /tmp/parrot.1000/pfs.tmp.lzWOJT (deleted)
7ff2be8d9000-7ff2be8db000 rw-p 024cb000 00:1d 29669                      /tmp/parrot.1000/pfs.tmp.lzWOJT (deleted)
7ff2be8db000-7ff2be8e8000 r-xp 02491000 00:1d 29669                      /tmp/parrot.1000/pfs.tmp.lzWOJT (deleted)
7ff2be8e8000-7ff2beae7000 ---p 0249e000 00:1d 29669                      /tmp/parrot.1000/pfs.tmp.lzWOJT (deleted)
7ff2beae7000-7ff2beae9000 rw-p 0249d000 00:1d 29669                      /tmp/parrot.1000/pfs.tmp.lzWOJT (deleted)
7ff2beae9000-7ff2beaf0000 r-xp 01318000 00:1d 29669                      /tmp/parrot.1000/pfs.tmp.lzWOJT (deleted)
7ff2beaf0000-7ff2becef000 ---p 0131f000 00:1d 29669                      /tmp/parrot.1000/pfs.tmp.lzWOJT (deleted)
7ff2becef000-7ff2becf0000 r--p 0131e000 00:1d 29669                      /tmp/parrot.1000/pfs.tmp.lzWOJT (deleted)
7ff2becf0000-7ff2becf1000 rw-p 0131f000 00:1d 29669                      /tmp/parrot.1000/pfs.tmp.lzWOJT (deleted)
7ff2becf1000-7ff2bed07000 r-xp 0240b000 00:1d 29669                      /tmp/parrot.1000/pfs.tmp.lzWOJT (deleted)
7ff2bed07000-7ff2bef06000 ---p 02421000 00:1d 29669                      /tmp/parrot.1000/pfs.tmp.lzWOJT (deleted)
7ff2bef06000-7ff2bef07000 rw-p 02420000 00:1d 29669                      /tmp/parrot.1000/pfs.tmp.lzWOJT (deleted)
7ff2bef07000-7ff2bf00a000 r-xp 0069e000 00:1d 29669                      /tmp/parrot.1000/pfs.tmp.lzWOJT (deleted)
7ff2bf00a000-7ff2bf20a000 ---p 007a1000 00:1d 29669                      /tmp/parrot.1000/pfs.tmp.lzWOJT (deleted)
7ff2bf20a000-7ff2bf20b000 r--p 007a1000 00:1d 29669                      /tmp/parrot.1000/pfs.tmp.lzWOJT (deleted)
7ff2bf20b000-7ff2bf20c000 rw-p 007a2000 00:1d 29669                      /tmp/parrot.1000/pfs.tmp.lzWOJT (deleted)
7ff2bf20c000-7ff2bf2fc000 r-xp 0229f000 00:1d 29669                      /tmp/parrot.1000/pfs.tmp.lzWOJT (deleted)
7ff2bf2fc000-7ff2bf4fc000 ---p 0238f000 00:1d 29669                      /tmp/parrot.1000/pfs.tmp.lzWOJT (deleted)
7ff2bf4fc000-7ff2bf504000 r--p 0238f000 00:1d 29669                      /tmp/parrot.1000/pfs.tmp.lzWOJT (deleted)
7ff2bf504000-7ff2bf506000 rw-p 02397000 00:1d 29669                      /tmp/parrot.1000/pfs.tmp.lzWOJT (deleted)
7ff2bf506000-7ff2bf51b000 rw-p 00000000 00:00 0 
7ff2bf51b000-7ff2c0063000 r-xp 01696000 00:1d 29669                      /tmp/parrot.1000/pfs.tmp.lzWOJT (deleted)
7ff2c0063000-7ff2c0262000 ---p 021de000 00:1d 29669                      /tmp/parrot.1000/pfs.tmp.lzWOJT (deleted)
7ff2c0262000-7ff2c0324000 rw-p 021dd000 00:1d 29669                      /tmp/parrot.1000/pfs.tmp.lzWOJT (deleted)
7ff2c0324000-7ff2c0350000 rw-p 00000000 00:00 0 
7ff2c0350000-7ff2c0365000 r-xp 009bf000 00:1d 29669                      /tmp/parrot.1000/pfs.tmp.lzWOJT (deleted)
7ff2c0365000-7ff2c0564000 ---p 009d4000 00:1d 29669                      /tmp/parrot.1000/pfs.tmp.lzWOJT (deleted)
7ff2c0564000-7ff2c0565000 r--p 009d3000 00:1d 29669                      /tmp/parrot.1000/pfs.tmp.lzWOJT (deleted)
7ff2c0565000-7ff2c0566000 rw-p 009d4000 00:1d 29669                      /tmp/parrot.1000/pfs.tmp.lzWOJT (deleted)
7ff2c0566000-7ff2c06ff000 r-xp 000d7000 00:1d 29669                      /tmp/parrot.1000/pfs.tmp.lzWOJT (deleted)
7ff2c06ff000-7ff2c08ff000 ---p 00270000 00:1d 29669                      /tmp/parrot.1000/pfs.tmp.lzWOJT (deleted)
7ff2c08ff000-7ff2c0903000 r--p 00270000 00:1d 29669                      /tmp/parrot.1000/pfs.tmp.lzWOJT (deleted)
7ff2c0903000-7ff2c0905000 rw-p 00274000 00:1d 29669                      /tmp/parrot.1000/pfs.tmp.lzWOJT (deleted)
7ff2c0905000-7ff2c0909000 rw-p 00000000 00:00 0 
7ff2c0909000-7ff2c090c000 r-xp 000d3000 00:1d 29669                      /tmp/parrot.1000/pfs.tmp.lzWOJT (deleted)
7ff2c090c000-7ff2c0b0b000 ---p 000d6000 00:1d 29669                      /tmp/parrot.1000/pfs.tmp.lzWOJT (deleted)
7ff2c0b0b000-7ff2c0b0c000 r--p 000d5000 00:1d 29669                      /tmp/parrot.1000/pfs.tmp.lzWOJT (deleted)
7ff2c0b0c000-7ff2c0b0d000 rw-p 000d6000 00:1d 29669                      /tmp/parrot.1000/pfs.tmp.lzWOJT (deleted)
7ff2c0b0d000-7ff2c0b1a000 r-xp 01688000 00:1d 29669                      /tmp/parrot.1000/pfs.tmp.lzWOJT (deleted)
7ff2c0b1a000-7ff2c0d19000 ---p 01695000 00:1d 29669                      /tmp/parrot.1000/pfs.tmp.lzWOJT (deleted)
7ff2c0d19000-7ff2c0d1a000 rw-p 01694000 00:1d 29669                      /tmp/parrot.1000/pfs.tmp.lzWOJT (deleted)
7ff2c0d1a000-7ff2c0d31000 r-xp 00614000 00:1d 29669                      /tmp/parrot.1000/pfs.tmp.lzWOJT (deleted)
7ff2c0d31000-7ff2c0f30000 ---p 0062b000 00:1d 29669                      /tmp/parrot.1000/pfs.tmp.lzWOJT (deleted)
7ff2c0f30000-7ff2c0f31000 r--p 0062a000 00:1d 29669                      /tmp/parrot.1000/pfs.tmp.lzWOJT (deleted)
7ff2c0f31000-7ff2c0f32000 rw-p 0062b000 00:1d 29669                      /tmp/parrot.1000/pfs.tmp.lzWOJT (deleted)
7ff2c0f32000-7ff2c0f36000 rw-p 00000000 00:00 0 
7ff2c0f36000-7ff2c0f58000 r-xp 00000000 08:05 2755794                    /usr/lib/ld-2.20.so
7ff2c0f58000-7ff2c0f83000 rw-p 00000000 00:00 0 
7ff2c0f83000-7ff2c1039000 rw-p 00000000 00:00 0 
7ff2c1039000-7ff2c103c000 ---p 00000000 00:00 0 
7ff2c103c000-7ff2c113e000 rw-p 00000000 00:00 0                          [stack:3806]
7ff2c114c000-7ff2c1154000 rw-s 0570b000 00:1d 29669                      /tmp/parrot.1000/pfs.tmp.lzWOJT (deleted)
7ff2c1154000-7ff2c1155000 rw-p 00000000 00:00 0 
7ff2c1155000-7ff2c1156000 r--p 00000000 00:00 0 
7ff2c1156000-7ff2c1157000 rw-p 00000000 00:00 0 
7ff2c1157000-7ff2c1158000 r--p 00021000 08:05 2755794                    /usr/lib/ld-2.20.so
7ff2c1158000-7ff2c1159000 rw-p 00022000 08:05 2755794                    /usr/lib/ld-2.20.so
7ff2c1159000-7ff2c115a000 rw-p 00000000 00:00 0 
7fff12dc7000-7fff12de9000 rw-p 00000000 00:00 0                          [stack]
7fff12dfc000-7fff12dfe000 r-xp 00000000 00:00 0                          [vdso]
7fff12dfe000-7fff12e00000 r--p 00000000 00:00 0                          [vvar]
ffffffffff600000-ffffffffff601000 r-xp 00000000 00:00 0                  [vsyscall]

VM Arguments:
java_command: com.amazon.aes.webservices.client.cmd.RunInstances ami-15166c25 -t t1.micro -k my-key-pair -g sg-24f96141 --associate-public-ip-address true
Launcher Type: SUN_STANDARD

Environment Variables:
JAVA_HOME=/usr/lib/jvm/default
CLASSPATH=.
PATH=~hmeng/cctools/bin:~/bin:~hmeng/cctools/bin:~/bin:/usr/local/sbin:/usr/local/bin:/usr/bin:/usr/bin/site_perl:/usr/bin/vendor_perl:/usr/bin/core_perl:/usr/local/ec2/ec2-api-tools-1.7.1.1/bin:/usr/local/ec2/ec2-api-tools-1.7.1.1/bin
SHELL=/bin/bash
DISPLAY=:0.0

Signal Handlers:
SIGSEGV: [libjvm.so+0x97c220], sa_mask[0]=0x7ffbfeff, sa_flags=0x10000004
SIGBUS: [libjvm.so+0x97c220], sa_mask[0]=0x7ffbfeff, sa_flags=0x10000004
SIGFPE: [libjvm.so+0x7eab60], sa_mask[0]=0x7ffbfeff, sa_flags=0x10000004
SIGPIPE: [libjvm.so+0x7eab60], sa_mask[0]=0x7ffbfeff, sa_flags=0x10000004
SIGXFSZ: [libjvm.so+0x7eab60], sa_mask[0]=0x7ffbfeff, sa_flags=0x10000004
SIGILL: [libjvm.so+0x7eab60], sa_mask[0]=0x7ffbfeff, sa_flags=0x10000004
SIGUSR1: SIG_DFL, sa_mask[0]=0x00000000, sa_flags=0x00000000
SIGUSR2: [libjvm.so+0x7ea9e0], sa_mask[0]=0x00000000, sa_flags=0x10000004
SIGHUP: SIG_DFL, sa_mask[0]=0x00000000, sa_flags=0x00000000
SIGINT: SIG_DFL, sa_mask[0]=0x00000000, sa_flags=0x00000000
SIGTERM: SIG_DFL, sa_mask[0]=0x00000000, sa_flags=0x00000000
SIGQUIT: SIG_DFL, sa_mask[0]=0x00000000, sa_flags=0x00000000
SIGTRAP: SIG_DFL, sa_mask[0]=0x00000000, sa_flags=0x00000000


---------------  S Y S T E M  ---------------

OS:Linux
uname:Linux 3.16.4-1-ARCH #1 SMP PREEMPT Mon Oct 6 08:22:27 CEST 2014 x86_64
libc:glibc 2.20 NPTL 2.20 
rlimit: STACK 8192k, CORE 0k, NPROC 30741, NOFILE 4096, AS infinity
load average:0.11 0.18 0.24

/proc/meminfo:
MemTotal:        7875540 kB
MemFree:         6045512 kB
MemAvailable:    6418300 kB
Buffers:           64380 kB
Cached:           742072 kB
SwapCached:            0 kB
Active:          1089516 kB
Inactive:         539160 kB
Active(anon):     843548 kB
Inactive(anon):   260652 kB
Active(file):     245968 kB
Inactive(file):   278508 kB
Unevictable:       15324 kB
Mlocked:           15324 kB
SwapTotal:             0 kB
SwapFree:              0 kB
Dirty:                28 kB
Writeback:             0 kB
AnonPages:        837800 kB
Mapped:           372132 kB
Shmem:            276108 kB
Slab:              59664 kB
SReclaimable:      34508 kB
SUnreclaim:        25156 kB
KernelStack:        4384 kB
PageTables:        16684 kB
NFS_Unstable:          0 kB
Bounce:                0 kB
WritebackTmp:          0 kB
CommitLimit:     3937768 kB
Committed_AS:    2872808 kB
VmallocTotal:   34359738367 kB
VmallocUsed:      384752 kB
VmallocChunk:   34359295560 kB
HardwareCorrupted:     0 kB
AnonHugePages:    241664 kB
HugePages_Total:       0
HugePages_Free:        0
HugePages_Rsvd:        0
HugePages_Surp:        0
Hugepagesize:       2048 kB
DirectMap4k:       61484 kB
DirectMap2M:     8017920 kB


CPU:total 0 (2 cores per cpu, 2 threads per core) family 6 model 58 stepping 9, cmov, cx8, fxsr, mmx, sse, sse2, sse3, ssse3, sse4.1, sse4.2, popcnt, avx, aes, erms, ht, tsc, tscinvbit, tscinv

/proc/cpuinfo:
processor	: 0
vendor_id	: GenuineIntel
cpu family	: 6
model		: 58
model name	: Intel(R) Core(TM) i5-3320M CPU @ 2.60GHz
stepping	: 9
microcode	: 0x19
cpu MHz		: 3099.992
cache size	: 3072 KB
physical id	: 0
siblings	: 4
core id		: 0
cpu cores	: 2
apicid		: 0
initial apicid	: 0
fpu		: yes
fpu_exception	: yes
cpuid level	: 13
wp		: yes
flags		: fpu vme de pse tsc msr pae mce cx8 apic sep mtrr pge mca cmov pat pse36 clflush dts acpi mmx fxsr sse sse2 ss ht tm pbe syscall nx rdtscp lm constant_tsc arch_perfmon pebs bts rep_good nopl xtopology nonstop_tsc aperfmperf eagerfpu pni pclmulqdq dtes64 monitor ds_cpl vmx smx est tm2 ssse3 cx16 xtpr pdcm pcid sse4_1 sse4_2 x2apic popcnt tsc_deadline_timer aes xsave avx f16c rdrand lahf_lm ida arat epb xsaveopt pln pts dtherm tpr_shadow vnmi flexpriority ept vpid fsgsbase smep erms
bogomips	: 5189.99
clflush size	: 64
cache_alignment	: 64
address sizes	: 36 bits physical, 48 bits virtual
power management:

processor	: 1
vendor_id	: GenuineIntel
cpu family	: 6
model		: 58
model name	: Intel(R) Core(TM) i5-3320M CPU @ 2.60GHz
stepping	: 9
microcode	: 0x19
cpu MHz		: 3200.234
cache size	: 3072 KB
physical id	: 0
siblings	: 4
core id		: 0
cpu cores	: 2
apicid		: 1
initial apicid	: 1
fpu		: yes
fpu_exception	: yes
cpuid level	: 13
wp		: yes
flags		: fpu vme de pse tsc msr pae mce cx8 apic sep mtrr pge mca cmov pat pse36 clflush dts acpi mmx fxsr sse sse2 ss ht tm pbe syscall nx rdtscp lm constant_tsc arch_perfmon pebs bts rep_good nopl xtopology nonstop_tsc aperfmperf eagerfpu pni pclmulqdq dtes64 monitor ds_cpl vmx smx est tm2 ssse3 cx16 xtpr pdcm pcid sse4_1 sse4_2 x2apic popcnt tsc_deadline_timer aes xsave avx f16c rdrand lahf_lm ida arat epb xsaveopt pln pts dtherm tpr_shadow vnmi flexpriority ept vpid fsgsbase smep erms
bogomips	: 5189.99
clflush size	: 64
cache_alignment	: 64
address sizes	: 36 bits physical, 48 bits virtual
power management:

processor	: 2
vendor_id	: GenuineIntel
cpu family	: 6
model		: 58
model name	: Intel(R) Core(TM) i5-3320M CPU @ 2.60GHz
stepping	: 9
microcode	: 0x19
cpu MHz		: 3099.687
cache size	: 3072 KB
physical id	: 0
siblings	: 4
core id		: 1
cpu cores	: 2
apicid		: 2
initial apicid	: 2
fpu		: yes
fpu_exception	: yes
cpuid level	: 13
wp		: yes
flags		: fpu vme de pse tsc msr pae mce cx8 apic sep mtrr pge mca cmov pat pse36 clflush dts acpi mmx fxsr sse sse2 ss ht tm pbe syscall nx rdtscp lm constant_tsc arch_perfmon pebs bts rep_good nopl xtopology nonstop_tsc aperfmperf eagerfpu pni pclmulqdq dtes64 monitor ds_cpl vmx smx est tm2 ssse3 cx16 xtpr pdcm pcid sse4_1 sse4_2 x2apic popcnt tsc_deadline_timer aes xsave avx f16c rdrand lahf_lm ida arat epb xsaveopt pln pts dtherm tpr_shadow vnmi flexpriority ept vpid fsgsbase smep erms
bogomips	: 5189.99
clflush size	: 64
cache_alignment	: 64
address sizes	: 36 bits physical, 48 bits virtual
power management:

processor	: 3
vendor_id	: GenuineIntel
cpu family	: 6
model		: 58
model name	: Intel(R) Core(TM) i5-3320M CPU @ 2.60GHz
stepping	: 9
microcode	: 0x19
cpu MHz		: 3100.296
cache size	: 3072 KB
physical id	: 0
siblings	: 4
core id		: 1
cpu cores	: 2
apicid		: 3
initial apicid	: 3
fpu		: yes
fpu_exception	: yes
cpuid level	: 13
wp		: yes
flags		: fpu vme de pse tsc msr pae mce cx8 apic sep mtrr pge mca cmov pat pse36 clflush dts acpi mmx fxsr sse sse2 ss ht tm pbe syscall nx rdtscp lm constant_tsc arch_perfmon pebs bts rep_good nopl xtopology nonstop_tsc aperfmperf eagerfpu pni pclmulqdq dtes64 monitor ds_cpl vmx smx est tm2 ssse3 cx16 xtpr pdcm pcid sse4_1 sse4_2 x2apic popcnt tsc_deadline_timer aes xsave avx f16c rdrand lahf_lm ida arat epb xsaveopt pln pts dtherm tpr_shadow vnmi flexpriority ept vpid fsgsbase smep erms
bogomips	: 5189.99
clflush size	: 64
cache_alignment	: 64
address sizes	: 36 bits physical, 48 bits virtual
power management:



Memory: 4k page, physical 7875540k(6045512k free), swap 0k(0k free)

vm_info: OpenJDK 64-Bit Server VM (24.65-b04) for linux-amd64 JRE (1.7.0_65-b32), built on Sep 15 2014 19:56:21 by "nobody" with gcc 4.9.1

time: Wed Oct 15 14:43:51 2014
elapsed time: 0 seconds

